# JRE version: OpenJDK Runtime Environment (20.0.1+9) (build 20.0.1+9-29)
# Java VM: OpenJDK 64-Bit Server VM (20.0.1+9-29, mixed mode, sharing, tiered, compressed oops, compressed class ptrs, g1 gc, windows-amd64)
GC Precious Log:
 CardTable entry size: 512
 Card Set container configuration: InlinePtr #cards 4 size 8 Array Of Cards #cards 16 size 48 Howl #buckets 8 coarsen threshold 3686 Howl Bitmap #cards 512 size 80 coarsen threshold 460 Card regions per heap region 1 cards per card region 4096
 CPUs: 4 total, 4 available
 Memory: 16275M
 Large Page Support: Disabled
 NUMA Support: Disabled
 Compressed Oops: Enabled (Zero based)
 Heap Region Size: 2M
 Heap Min Capacity: 8M
 Heap Initial Capacity: 256M
 Heap Max Capacity: 4070M
 Pre-touch: Disabled
 Parallel Workers: 4
 Concurrent Workers: 1
 Concurrent Refinement Workers: 4
 Periodic GC: Disabled
Heap:
 garbage-first heap   total 122880K, used 51276K [0x0000000701a00000, 0x0000000800000000)
  region size 2048K, 9 young (18432K), 2 survivors (4096K)
 Metaspace       used 78993K, committed 79744K, reserved 1179648K
  class space    used 10601K, committed 10944K, reserved 1048576K
GC Heap History (20 events):
Event: 27.448 GC heap before
{Heap before GC invocations=22 (full 0):
 garbage-first heap   total 61440K, used 51720K [0x0000000701a00000, 0x0000000800000000)
  region size 2048K, 14 young (28672K), 2 survivors (4096K)
 Metaspace       used 61127K, committed 61760K, reserved 1114112K
  class space    used 8094K, committed 8384K, reserved 1048576K
}
Event: 27.460 GC heap after
{Heap after GC invocations=23 (full 0):
 garbage-first heap   total 61440K, used 27843K [0x0000000701a00000, 0x0000000800000000)
  region size 2048K, 2 young (4096K), 2 survivors (4096K)
 Metaspace       used 61127K, committed 61760K, reserved 1114112K
  class space    used 8094K, committed 8384K, reserved 1048576K
}
Event: 28.199 GC heap before
{Heap before GC invocations=23 (full 0):
 garbage-first heap   total 61440K, used 48323K [0x0000000701a00000, 0x0000000800000000)
  region size 2048K, 13 young (26624K), 2 survivors (4096K)
 Metaspace       used 62832K, committed 63424K, reserved 1114112K
  class space    used 8285K, committed 8576K, reserved 1048576K
}
Event: 28.208 GC heap after
{Heap after GC invocations=24 (full 0):
 garbage-first heap   total 61440K, used 28775K [0x0000000701a00000, 0x0000000800000000)
  region size 2048K, 2 young (4096K), 2 survivors (4096K)
 Metaspace       used 62832K, committed 63424K, reserved 1114112K
  class space    used 8285K, committed 8576K, reserved 1048576K
}
Event: 28.790 GC heap before
{Heap before GC invocations=24 (full 0):
 garbage-first heap   total 61440K, used 49255K [0x0000000701a00000, 0x0000000800000000)
  region size 2048K, 13 young (26624K), 2 survivors (4096K)
 Metaspace       used 64200K, committed 64896K, reserved 1114112K
  class space    used 8560K, committed 8896K, reserved 1048576K
}
Event: 28.796 GC heap after
{Heap after GC invocations=25 (full 0):
 garbage-first heap   total 61440K, used 30168K [0x0000000701a00000, 0x0000000800000000)
  region size 2048K, 2 young (4096K), 2 survivors (4096K)
 Metaspace       used 64200K, committed 64896K, reserved 1114112K
  class space    used 8560K, committed 8896K, reserved 1048576K
}
Event: 29.290 GC heap before
{Heap before GC invocations=25 (full 0):
 garbage-first heap   total 61440K, used 48600K [0x0000000701a00000, 0x0000000800000000)
  region size 2048K, 12 young (24576K), 2 survivors (4096K)
 Metaspace       used 65752K, committed 66432K, reserved 1114112K
  class space    used 8887K, committed 9216K, reserved 1048576K
}
Event: 29.297 GC heap after
{Heap after GC invocations=26 (full 0):
 garbage-first heap   total 61440K, used 30852K [0x0000000701a00000, 0x0000000800000000)
  region size 2048K, 2 young (4096K), 2 survivors (4096K)
 Metaspace       used 65752K, committed 66432K, reserved 1114112K
  class space    used 8887K, committed 9216K, reserved 1048576K
}
Event: 29.953 GC heap before
{Heap before GC invocations=27 (full 0):
 garbage-first heap   total 61440K, used 51332K [0x0000000701a00000, 0x0000000800000000)
  region size 2048K, 12 young (24576K), 2 survivors (4096K)
 Metaspace       used 66590K, committed 67264K, reserved 1114112K
  class space    used 9033K, committed 9344K, reserved 1048576K
}
Event: 29.957 GC heap after
{Heap after GC invocations=28 (full 0):
 garbage-first heap   total 61440K, used 31132K [0x0000000701a00000, 0x0000000800000000)
  region size 2048K, 2 young (4096K), 2 survivors (4096K)
 Metaspace       used 66590K, committed 67264K, reserved 1114112K
  class space    used 9033K, committed 9344K, reserved 1048576K
}
Event: 30.434 GC heap before
{Heap before GC invocations=28 (full 0):
 garbage-first heap   total 61440K, used 51612K [0x0000000701a00000, 0x0000000800000000)
  region size 2048K, 12 young (24576K), 2 survivors (4096K)
 Metaspace       used 67367K, committed 68032K, reserved 1114112K
  class space    used 9086K, committed 9408K, reserved 1048576K
}
Event: 30.444 GC heap after
{Heap after GC invocations=29 (full 0):
 garbage-first heap   total 61440K, used 31409K [0x0000000701a00000, 0x0000000800000000)
  region size 2048K, 1 young (2048K), 1 survivors (2048K)
 Metaspace       used 67367K, committed 68032K, reserved 1114112K
  class space    used 9086K, committed 9408K, reserved 1048576K
}
Event: 31.021 GC heap before
{Heap before GC invocations=29 (full 0):
 garbage-first heap   total 61440K, used 53937K [0x0000000701a00000, 0x0000000800000000)
  region size 2048K, 12 young (24576K), 1 survivors (2048K)
 Metaspace       used 68066K, committed 68736K, reserved 1114112K
  class space    used 9171K, committed 9472K, reserved 1048576K
}
Event: 31.027 GC heap after
{Heap after GC invocations=30 (full 0):
 garbage-first heap   total 161792K, used 32284K [0x0000000701a00000, 0x0000000800000000)
  region size 2048K, 2 young (4096K), 2 survivors (4096K)
 Metaspace       used 68066K, committed 68736K, reserved 1114112K
  class space    used 9171K, committed 9472K, reserved 1048576K
}
Event: 33.942 GC heap before
{Heap before GC invocations=31 (full 0):
 garbage-first heap   total 122880K, used 99868K [0x0000000701a00000, 0x0000000800000000)
  region size 2048K, 36 young (73728K), 2 survivors (4096K)
 Metaspace       used 72760K, committed 73408K, reserved 1114112K
  class space    used 9824K, committed 10112K, reserved 1048576K
}
Event: 33.953 GC heap after
{Heap after GC invocations=32 (full 0):
 garbage-first heap   total 122880K, used 35484K [0x0000000701a00000, 0x0000000800000000)
  region size 2048K, 3 young (6144K), 3 survivors (6144K)
 Metaspace       used 72760K, committed 73408K, reserved 1114112K
  class space    used 9824K, committed 10112K, reserved 1048576K
}
Event: 103.528 GC heap before
{Heap before GC invocations=32 (full 0):
 garbage-first heap   total 122880K, used 103068K [0x0000000701a00000, 0x0000000800000000)
  region size 2048K, 36 young (73728K), 3 survivors (6144K)
 Metaspace       used 78555K, committed 79360K, reserved 1179648K
  class space    used 10568K, committed 10944K, reserved 1048576K
}
Event: 103.542 GC heap after
{Heap after GC invocations=33 (full 0):
 garbage-first heap   total 122880K, used 38245K [0x0000000701a00000, 0x0000000800000000)
  region size 2048K, 4 young (8192K), 4 survivors (8192K)
 Metaspace       used 78555K, committed 79360K, reserved 1179648K
  class space    used 10568K, committed 10944K, reserved 1048576K
}
Event: 899.430 GC heap before
{Heap before GC invocations=33 (full 0):
 garbage-first heap   total 122880K, used 103781K [0x0000000701a00000, 0x0000000800000000)
  region size 2048K, 36 young (73728K), 4 survivors (8192K)
 Metaspace       used 78945K, committed 79680K, reserved 1179648K
  class space    used 10598K, committed 10944K, reserved 1048576K
}
Event: 899.443 GC heap after
{Heap after GC invocations=34 (full 0):
 garbage-first heap   total 122880K, used 38988K [0x0000000701a00000, 0x0000000800000000)
  region size 2048K, 2 young (4096K), 2 survivors (4096K)
 Metaspace       used 78945K, committed 79680K, reserved 1179648K
  class space    used 10598K, committed 10944K, reserved 1048576K
}

