# JRE version: OpenJDK Runtime Environment (20.0.1+9) (build 20.0.1+9-29)
# Java VM: OpenJDK 64-Bit Server VM (20.0.1+9-29, mixed mode, sharing, tiered, compressed oops, compressed class ptrs, g1 gc, windows-amd64)
GC Precious Log:
 CardTable entry size: 512
 Card Set container configuration: InlinePtr #cards 4 size 8 Array Of Cards #cards 16 size 48 Howl #buckets 8 coarsen threshold 3686 Howl Bitmap #cards 512 size 80 coarsen threshold 460 Card regions per heap region 1 cards per card region 4096
 CPUs: 4 total, 4 available
 Memory: 16275M
 Large Page Support: Disabled
 NUMA Support: Disabled
 Compressed Oops: Enabled (Zero based)
 Heap Region Size: 2M
 Heap Min Capacity: 8M
 Heap Initial Capacity: 256M
 Heap Max Capacity: 4070M
 Pre-touch: Disabled
 Parallel Workers: 4
 Concurrent Workers: 1
 Concurrent Refinement Workers: 4
 Periodic GC: Disabled
Heap:
 garbage-first heap   total 102400K, used 80141K [0x0000000701a00000, 0x0000000800000000)
  region size 2048K, 22 young (45056K), 1 survivors (2048K)
 Metaspace       used 90386K, committed 91072K, reserved 1179648K
  class space    used 11226K, committed 11584K, reserved 1048576K
GC Heap History (20 events):
Event: 4678.641 GC heap before
{Heap before GC invocations=65 (full 4):
 garbage-first heap   total 102400K, used 85822K [0x0000000701a00000, 0x0000000800000000)
  region size 2048K, 28 young (57344K), 3 survivors (6144K)
 Metaspace       used 88678K, committed 89408K, reserved 1179648K
  class space    used 11124K, committed 11456K, reserved 1048576K
}
Event: 4678.652 GC heap after
{Heap after GC invocations=66 (full 4):
 garbage-first heap   total 102400K, used 36679K [0x0000000701a00000, 0x0000000800000000)
  region size 2048K, 2 young (4096K), 2 survivors (4096K)
 Metaspace       used 88678K, committed 89408K, reserved 1179648K
  class space    used 11124K, committed 11456K, reserved 1048576K
}
Event: 4936.607 GC heap before
{Heap before GC invocations=66 (full 4):
 garbage-first heap   total 102400K, used 85831K [0x0000000701a00000, 0x0000000800000000)
  region size 2048K, 26 young (53248K), 2 survivors (4096K)
 Metaspace       used 88825K, committed 89472K, reserved 1179648K
  class space    used 11133K, committed 11456K, reserved 1048576K
}
Event: 4936.615 GC heap after
{Heap after GC invocations=67 (full 4):
 garbage-first heap   total 102400K, used 40672K [0x0000000701a00000, 0x0000000800000000)
  region size 2048K, 3 young (6144K), 3 survivors (6144K)
 Metaspace       used 88825K, committed 89472K, reserved 1179648K
  class space    used 11133K, committed 11456K, reserved 1048576K
}
Event: 5542.286 GC heap before
{Heap before GC invocations=67 (full 4):
 garbage-first heap   total 102400K, used 87776K [0x0000000701a00000, 0x0000000800000000)
  region size 2048K, 26 young (53248K), 3 survivors (6144K)
 Metaspace       used 88825K, committed 89472K, reserved 1179648K
  class space    used 11133K, committed 11456K, reserved 1048576K
}
Event: 5542.294 GC heap after
{Heap after GC invocations=68 (full 4):
 garbage-first heap   total 102400K, used 40773K [0x0000000701a00000, 0x0000000800000000)
  region size 2048K, 2 young (4096K), 2 survivors (4096K)
 Metaspace       used 88825K, committed 89472K, reserved 1179648K
  class space    used 11133K, committed 11456K, reserved 1048576K
}
Event: 5637.712 GC heap before
{Heap before GC invocations=69 (full 4):
 garbage-first heap   total 102400K, used 51013K [0x0000000701a00000, 0x0000000800000000)
  region size 2048K, 8 young (16384K), 2 survivors (4096K)
 Metaspace       used 88841K, committed 89600K, reserved 1179648K
  class space    used 11118K, committed 11456K, reserved 1048576K
}
Event: 5637.828 GC heap after
{Heap after GC invocations=70 (full 5):
 garbage-first heap   total 102400K, used 34565K [0x0000000701a00000, 0x0000000800000000)
  region size 2048K, 0 young (0K), 0 survivors (0K)
 Metaspace       used 88811K, committed 89600K, reserved 1179648K
  class space    used 11113K, committed 11456K, reserved 1048576K
}
Event: 5640.448 GC heap before
{Heap before GC invocations=70 (full 5):
 garbage-first heap   total 102400K, used 89861K [0x0000000701a00000, 0x0000000800000000)
  region size 2048K, 27 young (55296K), 0 survivors (0K)
 Metaspace       used 89333K, committed 89984K, reserved 1179648K
  class space    used 11159K, committed 11456K, reserved 1048576K
}
Event: 5640.455 GC heap after
{Heap after GC invocations=71 (full 5):
 garbage-first heap   total 102400K, used 39185K [0x0000000701a00000, 0x0000000800000000)
  region size 2048K, 3 young (6144K), 3 survivors (6144K)
 Metaspace       used 89333K, committed 89984K, reserved 1179648K
  class space    used 11159K, committed 11456K, reserved 1048576K
}
Event: 5641.584 GC heap before
{Heap before GC invocations=72 (full 5):
 garbage-first heap   total 102400K, used 84241K [0x0000000701a00000, 0x0000000800000000)
  region size 2048K, 25 young (51200K), 3 survivors (6144K)
 Metaspace       used 89948K, committed 90624K, reserved 1179648K
  class space    used 11195K, committed 11520K, reserved 1048576K
}
Event: 5641.593 GC heap after
{Heap after GC invocations=73 (full 5):
 garbage-first heap   total 102400K, used 41304K [0x0000000701a00000, 0x0000000800000000)
  region size 2048K, 2 young (4096K), 2 survivors (4096K)
 Metaspace       used 89948K, committed 90624K, reserved 1179648K
  class space    used 11195K, committed 11520K, reserved 1048576K
}
Event: 5726.122 GC heap before
{Heap before GC invocations=73 (full 5):
 garbage-first heap   total 102400K, used 86360K [0x0000000701a00000, 0x0000000800000000)
  region size 2048K, 24 young (49152K), 2 survivors (4096K)
 Metaspace       used 90214K, committed 90880K, reserved 1179648K
  class space    used 11213K, committed 11520K, reserved 1048576K
}
Event: 5726.129 GC heap after
{Heap after GC invocations=74 (full 5):
 garbage-first heap   total 102400K, used 45041K [0x0000000701a00000, 0x0000000800000000)
  region size 2048K, 3 young (6144K), 3 survivors (6144K)
 Metaspace       used 90214K, committed 90880K, reserved 1179648K
  class space    used 11213K, committed 11520K, reserved 1048576K
}
Event: 6247.277 GC heap before
{Heap before GC invocations=74 (full 5):
 garbage-first heap   total 102400K, used 86001K [0x0000000701a00000, 0x0000000800000000)
  region size 2048K, 23 young (47104K), 3 survivors (6144K)
 Metaspace       used 90214K, committed 90880K, reserved 1179648K
  class space    used 11213K, committed 11520K, reserved 1048576K
}
Event: 6247.286 GC heap after
{Heap after GC invocations=75 (full 5):
 garbage-first heap   total 102400K, used 45525K [0x0000000701a00000, 0x0000000800000000)
  region size 2048K, 1 young (2048K), 1 survivors (2048K)
 Metaspace       used 90214K, committed 90880K, reserved 1179648K
  class space    used 11213K, committed 11520K, reserved 1048576K
}
Event: 6823.172 GC heap before
{Heap before GC invocations=76 (full 5):
 garbage-first heap   total 102400K, used 90581K [0x0000000701a00000, 0x0000000800000000)
  region size 2048K, 23 young (47104K), 1 survivors (2048K)
 Metaspace       used 90211K, committed 90880K, reserved 1179648K
  class space    used 11213K, committed 11520K, reserved 1048576K
}
Event: 6823.173 GC heap after
{Heap after GC invocations=77 (full 5):
 garbage-first heap   total 102400K, used 44835K [0x0000000701a00000, 0x0000000800000000)
  region size 2048K, 1 young (2048K), 1 survivors (2048K)
 Metaspace       used 90211K, committed 90880K, reserved 1179648K
  class space    used 11213K, committed 11520K, reserved 1048576K
}
Event: 7381.468 GC heap before
{Heap before GC invocations=77 (full 5):
 garbage-first heap   total 102400K, used 89891K [0x0000000701a00000, 0x0000000800000000)
  region size 2048K, 23 young (47104K), 1 survivors (2048K)
 Metaspace       used 90239K, committed 90880K, reserved 1179648K
  class space    used 11217K, committed 11520K, reserved 1048576K
}
Event: 7381.470 GC heap after
{Heap after GC invocations=78 (full 5):
 garbage-first heap   total 102400K, used 41229K [0x0000000701a00000, 0x0000000800000000)
  region size 2048K, 1 young (2048K), 1 survivors (2048K)
 Metaspace       used 90239K, committed 90880K, reserved 1179648K
  class space    used 11217K, committed 11520K, reserved 1048576K
}

